<?xml version="1.0" encoding="UTF-8"?>
<!-- Generated by org.testng.reporters.JUnitReportReporter -->
<testsuite hostname="DESKTOP-0I6CSJR" failures="0" tests="2" name="Pack1.Testcase1" time="0.016" errors="0" timestamp="2025-04-02T10:12:47 IST" skipped="0">
  <testcase classname="Pack1.Testcase1" name="Test1" time="0.009"/>
  <system-out/>
  <testcase classname="Pack1.Testcase1" name="Test2" time="0.007"/>
  <system-out/>
</testsuite> <!-- Pack1.Testcase1 -->
