<?xml version="1.0" encoding="UTF-8"?>
<!-- Generated by org.testng.reporters.JUnitReportReporter -->
<testsuite hostname="DESKTOP-0I6CSJR" failures="0" tests="6" name="Pack1.LoanDeperatment" time="0.006" errors="0" timestamp="2025-04-02T09:43:27 IST" skipped="1">
  <testcase classname="Pack1.LoanDeperatment" name="APILoginPersonalLoan" time="0.001"/>
  <system-out/>
  <testcase classname="Pack1.LoanDeperatment" name="MobileLogincLoan" time="0.001"/>
  <system-out/>
  <testcase classname="Pack1.LoanDeperatment" name="WebLoginPersonalLoan" time="0.001"/>
  <system-out/>
  <testcase classname="Pack1.LoanDeperatment" name="APILoginAutomobileLoan" time="0.001"/>
  <system-out/>
  <testcase classname="Pack1.LoanDeperatment" name="WebLoginAutomobileLoan" time="0.002"/>
  <system-out/>
  <testcase classname="Pack1.LoanDeperatment" name="MobileLoginPersonalLoan">
    <skipped/>
  </testcase> <!-- MobileLoginPersonalLoan -->
  <system-out/>
</testsuite> <!-- Pack1.LoanDeperatment -->
