<?xml version="1.0" encoding="UTF-8"?>
<!-- Generated by org.testng.reporters.JUnitReportReporter -->
<testsuite hostname="DESKTOP-0I6CSJR" failures="0" tests="2" name="Pack1.CurrentACTestClass1" time="0.004" errors="0" timestamp="2025-04-02T09:43:27 IST" skipped="0">
  <testcase classname="Pack1.CurrentACTestClass1" name="test2" time="0.001"/>
  <system-out/>
  <testcase classname="Pack1.CurrentACTestClass1" name="test1" time="0.003"/>
  <system-out/>
</testsuite> <!-- Pack1.CurrentACTestClass1 -->
