<?xml version="1.0" encoding="UTF-8"?>
<!-- Generated by org.testng.reporters.JUnitReportReporter -->
<testsuite hostname="DESKTOP-0I6CSJR" failures="0" tests="2" name="Pack1.CurrentACTestClass1" time="0.026" errors="0" timestamp="2025-09-18T12:57:29 IST" skipped="0">
  <testcase classname="Pack1.CurrentACTestClass1" name="test1" time="0.018"/>
  <testcase classname="Pack1.CurrentACTestClass1" name="test2" time="0.008"/>
</testsuite> <!-- Pack1.CurrentACTestClass1 -->
