<?xml version="1.0" encoding="UTF-8"?>
<!-- Generated by org.testng.reporters.JUnitReportReporter -->
<testsuite hostname="DESKTOP-0I6CSJR" failures="0" tests="2" name="Pack1.TestNGExample" time="0.014" errors="0" timestamp="2025-04-01T12:52:21 IST" skipped="0">
  <testcase classname="Pack1.TestNGExample" name="test2" time="0.001"/>
  <system-out/>
  <testcase classname="Pack1.TestNGExample" name="test1" time="0.013"/>
  <system-out/>
</testsuite> <!-- Pack1.TestNGExample -->
