<?xml version="1.0" encoding="UTF-8"?>
<!-- Generated by org.testng.reporters.JUnitReportReporter -->
<testsuite hostname="DESKTOP-0I6CSJR" failures="0" tests="2" name="Pack1.CurrentACTestClass2" time="0.011" errors="0" timestamp="2025-04-02T09:43:27 IST" skipped="0">
  <testcase classname="Pack1.CurrentACTestClass2" name="test1" time="0.010"/>
  <system-out/>
  <testcase classname="Pack1.CurrentACTestClass2" name="test2" time="0.001"/>
  <system-out/>
</testsuite> <!-- Pack1.CurrentACTestClass2 -->
